<?xml version="1.0" encoding="UTF-8"?>
<testng-results skipped="0" failed="1" ignored="0" total="4" passed="3">
  <reporter-output>
  </reporter-output>
  <suite name="Default suite" duration-ms="18793" started-at="2020-08-11T13:59:27Z" finished-at="2020-08-11T13:59:46Z">
    <groups>
    </groups>
    <test name="Default test" duration-ms="18793" started-at="2020-08-11T13:59:27Z" finished-at="2020-08-11T13:59:46Z">
      <class name="com.search.feature.SearchFeature">
        <test-method status="PASS" signature="testSetup()[pri:0, instance:com.search.feature.SearchFeature@2ef5e5e3]" name="testSetup" is-config="true" duration-ms="7842" started-at="2020-08-12T01:59:27Z" finished-at="2020-08-12T01:59:35Z">
          <reporter-output>
          </reporter-output>
        </test-method> <!-- testSetup -->
        <test-method status="PASS" signature="openBrowser()[pri:0, instance:com.search.feature.SearchFeature@2ef5e5e3]" name="openBrowser" is-config="true" duration-ms="1716" started-at="2020-08-12T01:59:35Z" finished-at="2020-08-12T01:59:36Z">
          <reporter-output>
          </reporter-output>
        </test-method> <!-- openBrowser -->
        <test-method status="PASS" signature="checkForSearchResultOrder()[pri:0, instance:com.search.feature.SearchFeature@2ef5e5e3]" name="checkForSearchResultOrder" duration-ms="6" started-at="2020-08-12T01:59:36Z" description="To check for the order of search result, whether it is according to metalogs or relevent" finished-at="2020-08-12T01:59:36Z">
          <reporter-output>
          </reporter-output>
        </test-method> <!-- checkForSearchResultOrder -->
        <test-method status="PASS" signature="openBrowser()[pri:0, instance:com.search.feature.SearchFeature@2ef5e5e3]" name="openBrowser" is-config="true" duration-ms="1751" started-at="2020-08-12T01:59:36Z" finished-at="2020-08-12T01:59:38Z">
          <reporter-output>
          </reporter-output>
        </test-method> <!-- openBrowser -->
        <test-method status="FAIL" signature="checkForVoiceSearchButton()[pri:0, instance:com.search.feature.SearchFeature@2ef5e5e3]" name="checkForVoiceSearchButton" duration-ms="133" started-at="2020-08-12T01:59:38Z" finished-at="2020-08-12T01:59:38Z">
          <exception class="java.lang.IllegalMonitorStateException">
            <full-stacktrace>
              <![CDATA[java.lang.IllegalMonitorStateException
	at java.lang.Object.wait(Native Method)
	at com.search.feature.SearchFeature.checkForVoiceSearchButton(SearchFeature.java:72)
	at sun.reflect.NativeMethodAccessorImpl.invoke0(Native Method)
	at sun.reflect.NativeMethodAccessorImpl.invoke(Unknown Source)
	at sun.reflect.DelegatingMethodAccessorImpl.invoke(Unknown Source)
	at java.lang.reflect.Method.invoke(Unknown Source)
	at org.testng.internal.MethodInvocationHelper.invokeMethod(MethodInvocationHelper.java:104)
	at org.testng.internal.Invoker.invokeMethod(Invoker.java:645)
	at org.testng.internal.Invoker.invokeTestMethod(Invoker.java:851)
	at org.testng.internal.Invoker.invokeTestMethods(Invoker.java:1177)
	at org.testng.internal.TestMethodWorker.invokeTestMethods(TestMethodWorker.java:129)
	at org.testng.internal.TestMethodWorker.run(TestMethodWorker.java:112)
	at org.testng.TestRunner.privateRun(TestRunner.java:756)
	at org.testng.TestRunner.run(TestRunner.java:610)
	at org.testng.SuiteRunner.runTest(SuiteRunner.java:387)
	at org.testng.SuiteRunner.runSequentially(SuiteRunner.java:382)
	at org.testng.SuiteRunner.privateRun(SuiteRunner.java:340)
	at org.testng.SuiteRunner.run(SuiteRunner.java:289)
	at org.testng.SuiteRunnerWorker.runSuite(SuiteRunnerWorker.java:52)
	at org.testng.SuiteRunnerWorker.run(SuiteRunnerWorker.java:86)
	at org.testng.TestNG.runSuitesSequentially(TestNG.java:1293)
	at org.testng.TestNG.runSuitesLocally(TestNG.java:1218)
	at org.testng.TestNG.runSuites(TestNG.java:1133)
	at org.testng.TestNG.run(TestNG.java:1104)
	at org.testng.remote.AbstractRemoteTestNG.run(AbstractRemoteTestNG.java:132)
	at org.testng.remote.RemoteTestNG.initAndRun(RemoteTestNG.java:236)
	at org.testng.remote.RemoteTestNG.main(RemoteTestNG.java:81)
]]>
            </full-stacktrace>
          </exception> <!-- java.lang.IllegalMonitorStateException -->
          <reporter-output>
          </reporter-output>
        </test-method> <!-- checkForVoiceSearchButton -->
        <test-method status="PASS" signature="openBrowser()[pri:0, instance:com.search.feature.SearchFeature@2ef5e5e3]" name="openBrowser" is-config="true" duration-ms="1157" started-at="2020-08-12T01:59:38Z" finished-at="2020-08-12T01:59:39Z">
          <reporter-output>
          </reporter-output>
        </test-method> <!-- openBrowser -->
        <test-method status="PASS" signature="googleSearchFeature()[pri:0, instance:com.search.feature.SearchFeature@2ef5e5e3]" name="googleSearchFeature" duration-ms="69" started-at="2020-08-12T01:59:39Z" description="To Check the avalability of search box to enter keywords" finished-at="2020-08-12T01:59:39Z">
          <reporter-output>
          </reporter-output>
        </test-method> <!-- googleSearchFeature -->
        <test-method status="PASS" signature="openBrowser()[pri:0, instance:com.search.feature.SearchFeature@2ef5e5e3]" name="openBrowser" is-config="true" duration-ms="825" started-at="2020-08-12T01:59:39Z" finished-at="2020-08-12T01:59:40Z">
          <reporter-output>
          </reporter-output>
        </test-method> <!-- openBrowser -->
        <test-method status="PASS" signature="validateSearchButton()[pri:0, instance:com.search.feature.SearchFeature@2ef5e5e3]" name="validateSearchButton" duration-ms="252" started-at="2020-08-12T01:59:40Z" description="To check the availability of button to submit keywords to search and verify that request get hit by clicking search" finished-at="2020-08-12T01:59:41Z">
          <reporter-output>
          </reporter-output>
        </test-method> <!-- validateSearchButton -->
        <test-method status="PASS" signature="postclass()[pri:0, instance:com.search.feature.SearchFeature@2ef5e5e3]" name="postclass" is-config="true" duration-ms="5000" started-at="2020-08-12T01:59:41Z" finished-at="2020-08-12T01:59:46Z">
          <reporter-output>
          </reporter-output>
        </test-method> <!-- postclass -->
      </class> <!-- com.search.feature.SearchFeature -->
    </test> <!-- Default test -->
  </suite> <!-- Default suite -->
</testng-results>
